21-Nov-2023 11:25:17

                                         Norm of      First-order 
 Iteration  Func-count     f(x)          step          optimality
     0        123     3.68922e+18                      1.02e+19
     1        246     6.27531e+17             10        1.4e+17      
     2        369     4.25386e+17        4.89186       6.91e+16      
     3        492     2.85323e+17        6.95006       3.28e+16      

Solver stopped prematurely.

lsqcurvefit stopped because it exceeded the iteration limit,
options.MaxIterations = 3.000000e+00.

Error using matlab.internal.doc.getDocCenterDomain
Java exception occurred:
java.lang.NoClassDefFoundError: com/mathworks/instutil/InstutilResourceKeys
	at com.mathworks.mlwidgets.help.DocCenterRoot.initDocRelease(DocCenterRoot.java:44)
	at com.mathworks.mlwidgets.help.DocCenterRoot.<clinit>(DocCenterRoot.java:26)
	at com.mathworks.mlwidgets.help.HelpPrefs.<clinit>(HelpPrefs.java:56)
	at java.lang.Class.forName0(Native Method)
	at java.lang.Class.forName(Class.java:264)
	at com.mathworks.mlservices.MLHelpServices.getDocCenterDomain(MLHelpServices.java:626)
Caused by: java.lang.ClassNotFoundException: com.mathworks.instutil.InstutilResourceKeys
	at java.net.URLClassLoader.findClass(URLClassLoader.java:382)
	at java.lang.ClassLoader.loadClass(ClassLoader.java:424)
	at sun.misc.Launcher$AppClassLoader.loadClass(Launcher.java:349)
	at java.lang.ClassLoader.loadClass(ClassLoader.java:357)
	... 6 more

Error in matlab.internal.doc.services.WebDocHandler/getDocRootDomain (line 19)

Error in matlab.internal.doc.services.DocLocationHandler/isUnderDocRootDomain (line 37)

Error in matlab.internal.doc.services.DocLocationHandler/isUnderDocRoot (line 16)

Error in matlab.internal.doc.services.DocLocation/isUnderDocRoot (line 33)

Error in matlab.internal.doc.url.UrlDocPageParser (line 16)

Error in matlab.internal.doc.url.parseDocPage (line 10)

Error in matlab.internal.web.WebCommandBrowserLauncher/openUri (line 90)

Error in matlab.internal.web.WebCommandBrowserLauncher/openBrowser (line 55)

Error in web (line 108)

Error in PLEfit2D>DownloadManual_Callback (line 6852)

Error in gui_mainfcn (line 95)

Error in PLEfit2D (line 46)

Error in matlab.graphics.internal.figfile.FigFile/read>@(hObject,eventdata)PLEfit2D('DownloadManual_Callback',hObject,eventdata,guidata(hObject))

Error while evaluating Menu Callback.


                                         Norm of      First-order 
 Iteration  Func-count     f(x)          step          optimality
     0        123     2.85323e+17                      3.28e+16
     1        246     2.59424e+17        2.39885       2.68e+16      
     2        369     2.20482e+17        5.67191       3.24e+16      
     3        492     2.07731e+17        4.50359       1.57e+16      

Solver stopped prematurely.

lsqcurvefit stopped because it exceeded the iteration limit,
options.MaxIterations = 3.000000e+00.

[If you need expert assistance with Matlab GUI, consider my professional consulting/training services (https://undocumentedmatlab.com)]

                                         Norm of      First-order 
 Iteration  Func-count     f(x)          step          optimality
     0        195     5.20807e+18                      6.33e+18
     1        390     2.52579e+18        6.10317       2.97e+18      
     2        585     2.11601e+18       0.302401       6.26e+17      
     3        780     1.71829e+18        5.67866        2.5e+17      

Solver stopped prematurely.

lsqcurvefit stopped because it exceeded the iteration limit,
options.MaxIterations = 3.000000e+00.

Warning: Matrix is close to singular or badly scaled. Results may be inaccurate. RCOND =  2.828315e-18.
> In FitPLE (line 206)
In PLEfit2D>StartFitbutton_Callback (line 1422)
In gui_mainfcn (line 95)
In PLEfit2D (line 46)
In matlab.graphics.internal.figfile.FigFile/read>@(hObject,eventdata)PLEfit2D('StartFitbutton_Callback',hObject,eventdata,guidata(hObject))
In waitforallfiguresclosed (line 20)


                                         Norm of      First-order 
 Iteration  Func-count     f(x)          step          optimality
     0        195     1.71829e+18                      2.66e+17
     1        390     1.49759e+18       0.945904       2.48e+17      
     2        585     9.17955e+17        9.92579       9.04e+16      
     3        780     8.67721e+17       0.585007       9.97e+17      

Solver stopped prematurely.

lsqcurvefit stopped because it exceeded the iteration limit,
options.MaxIterations = 3.000000e+00.

Warning: Matrix is close to singular or badly scaled. Results may be inaccurate. RCOND =  1.708125e-18.
> In FitPLE (line 206)
In PLEfit2D>StartFitbutton_Callback (line 1422)
In gui_mainfcn (line 95)
In PLEfit2D (line 46)
In matlab.graphics.internal.figfile.FigFile/read>@(hObject,eventdata)PLEfit2D('StartFitbutton_Callback',hObject,eventdata,guidata(hObject))
In waitforallfiguresclosed (line 20)


                                         Norm of      First-order 
 Iteration  Func-count     f(x)          step          optimality
     0        195     8.67727e+17                      9.97e+17
     1        390     8.39545e+17      0.0823512       9.81e+16      
     2        585     7.34215e+17        1.13553       1.93e+17      
     3        780      6.0481e+17        4.79076       1.27e+17      
     4        975     5.88877e+17       0.141445       6.17e+16      
     5       1170     5.71158e+17       0.586822       5.77e+16      

Solver stopped prematurely.

lsqcurvefit stopped because it exceeded the iteration limit,
options.MaxIterations = 5.000000e+00.

Warning: Matrix is close to singular or badly scaled. Results may be inaccurate. RCOND =  2.470930e-18.
> In FitPLE (line 206)
In PLEfit2D>StartFitbutton_Callback (line 1422)
In gui_mainfcn (line 95)
In PLEfit2D (line 46)
In matlab.graphics.internal.figfile.FigFile/read>@(hObject,eventdata)PLEfit2D('StartFitbutton_Callback',hObject,eventdata,guidata(hObject))
In waitforallfiguresclosed (line 20)


                                         Norm of      First-order 
 Iteration  Func-count     f(x)          step          optimality
     0        111      9.6374e+18                      7.01e+18
     1        222     4.59135e+18             10       2.04e+18      
     2        333     2.80213e+18         8.6418       1.97e+18      
     3        444     2.13747e+18        4.04008       8.76e+17      
     4        555     2.09989e+18       0.102634       4.08e+17      
     5        666     1.74007e+18        7.42318       5.44e+17      

Solver stopped prematurely.

lsqcurvefit stopped because it exceeded the iteration limit,
options.MaxIterations = 5.000000e+00.

Warning: Matrix is close to singular or badly scaled. Results may be inaccurate. RCOND =  4.178523e-22.
> In FitPLE (line 206)
In PLEfit2D>StartFitbutton_Callback (line 1422)
In gui_mainfcn (line 95)
In PLEfit2D (line 46)
In matlab.graphics.internal.figfile.FigFile/read>@(hObject,eventdata)PLEfit2D('StartFitbutton_Callback',hObject,eventdata,guidata(hObject))
In PLEfit2D>StartFitbutton_Callback (line 1360)
In gui_mainfcn (line 95)
In PLEfit2D (line 46)
In matlab.graphics.internal.figfile.FigFile/read>@(hObject,eventdata)PLEfit2D('StartFitbutton_Callback',hObject,eventdata,guidata(hObject))
In waitforallfiguresclosed (line 20)


                                         Norm of      First-order 
 Iteration  Func-count     f(x)          step          optimality
     0        111     1.74007e+18                      5.45e+17
     1        222     1.72949e+18      0.0483857       1.61e+17      
     2        333     1.70622e+18       0.202534        2.7e+17      
     3        444       1.633e+18        4.55741       1.23e+17      
     4        555     1.51269e+18        2.30973       1.69e+17      
     5        666     1.46566e+18        9.16192       7.79e+16      

Solver stopped prematurely.

lsqcurvefit stopped because it exceeded the iteration limit,
options.MaxIterations = 5.000000e+00.

Warning: Matrix is close to singular or badly scaled. Results may be inaccurate. RCOND =  2.870506e-21.
> In FitPLE (line 206)
In PLEfit2D>StartFitbutton_Callback (line 1422)
In gui_mainfcn (line 95)
In PLEfit2D (line 46)
In matlab.graphics.internal.figfile.FigFile/read>@(hObject,eventdata)PLEfit2D('StartFitbutton_Callback',hObject,eventdata,guidata(hObject))
In waitforallfiguresclosed (line 20)


                                         Norm of      First-order 
 Iteration  Func-count     f(x)          step          optimality
     0        111     1.46566e+18                      7.79e+16
     1        222     1.40165e+18        8.79949       7.51e+17      
     2        333     1.39081e+18      0.0408677       6.05e+16      
     3        444     1.35279e+18        2.53809       8.76e+16      
     4        555      1.3163e+18        2.63527       8.54e+16      
     5        666     1.29304e+18        3.88322       6.98e+16      

Solver stopped prematurely.

lsqcurvefit stopped because it exceeded the iteration limit,
options.MaxIterations = 5.000000e+00.

Warning: Matrix is singular to working precision.
> In FitPLE (line 206)
In PLEfit2D>StartFitbutton_Callback (line 1422)
In gui_mainfcn (line 95)
In PLEfit2D (line 46)
In matlab.graphics.internal.figfile.FigFile/read>@(hObject,eventdata)PLEfit2D('StartFitbutton_Callback',hObject,eventdata,guidata(hObject))
In waitforallfiguresclosed (line 20)


                                         Norm of      First-order 
 Iteration  Func-count     f(x)          step          optimality
     0        111     1.29305e+18                      6.71e+16
     1        222     1.23694e+18        2.48035       7.58e+16      
     2        333     1.14948e+18        4.70882       2.04e+17      
     3        444     1.12163e+18        9.15162       2.78e+16      
     4        555     1.11776e+18        11.6314       3.29e+16      
     5        666     1.11582e+18        15.8014       1.53e+17      

Solver stopped prematurely.

lsqcurvefit stopped because it exceeded the iteration limit,
options.MaxIterations = 5.000000e+00.

Warning: Matrix is singular to working precision.
> In FitPLE (line 206)
In PLEfit2D>StartFitbutton_Callback (line 1422)
In gui_mainfcn (line 95)
In PLEfit2D (line 46)
In matlab.graphics.internal.figfile.FigFile/read>@(hObject,eventdata)PLEfit2D('StartFitbutton_Callback',hObject,eventdata,guidata(hObject))
In waitforallfiguresclosed (line 20)


                                         Norm of      First-order 
 Iteration  Func-count     f(x)          step          optimality
     0        111     1.11582e+18                      1.53e+17
     1        222     1.11528e+18     0.00970029       2.22e+16      
     2        333     1.11351e+18       0.100184       3.01e+16      
     3        444     1.11211e+18      0.0659552       6.69e+16      
     4        555     1.06395e+18        5.39675       2.72e+16      
     5        666     1.05483e+18             10        4.2e+16      

Solver stopped prematurely.

lsqcurvefit stopped because it exceeded the iteration limit,
options.MaxIterations = 5.000000e+00.

Warning: Matrix is singular to working precision.
> In FitPLE (line 206)
In PLEfit2D>StartFitbutton_Callback (line 1422)
In gui_mainfcn (line 95)
In PLEfit2D (line 46)
In matlab.graphics.internal.figfile.FigFile/read>@(hObject,eventdata)PLEfit2D('StartFitbutton_Callback',hObject,eventdata,guidata(hObject))
In waitforallfiguresclosed (line 20)


                                         Norm of      First-order 
 Iteration  Func-count     f(x)          step          optimality
     0        111     1.05483e+18                      4.22e+16
     1        222      1.0509e+18        2.69737       2.45e+16      
     2        333     1.04626e+18             10       1.32e+16      
     3        444     1.03518e+18        4.46836       1.48e+16      
     4        555     1.03494e+18       0.223617       1.53e+16      
     5        666     1.02548e+18          6.351       2.64e+16      

Solver stopped prematurely.

lsqcurvefit stopped because it exceeded the iteration limit,
options.MaxIterations = 5.000000e+00.

Warning: Matrix is singular to working precision.
> In FitPLE (line 206)
In PLEfit2D>StartFitbutton_Callback (line 1422)
In gui_mainfcn (line 95)
In PLEfit2D (line 46)
In matlab.graphics.internal.figfile.FigFile/read>@(hObject,eventdata)PLEfit2D('StartFitbutton_Callback',hObject,eventdata,guidata(hObject))
In waitforallfiguresclosed (line 20)


                                         Norm of      First-order 
 Iteration  Func-count     f(x)          step          optimality
     0        111     1.02547e+18                      2.62e+16
     1        222      1.0015e+18             10       6.39e+16      
     2        333     9.97612e+17        3.20625       6.23e+16      
     3        444     9.97463e+17     0.00571252       1.68e+16      
     4        555     9.93119e+17        11.1578       7.07e+16      
     5        666      9.9168e+17        2.71063       1.76e+17      

Solver stopped prematurely.

lsqcurvefit stopped because it exceeded the iteration limit,
options.MaxIterations = 5.000000e+00.

Warning: Matrix is singular to working precision.
> In FitPLE (line 206)
In PLEfit2D>StartFitbutton_Callback (line 1422)
In gui_mainfcn (line 95)
In PLEfit2D (line 46)
In matlab.graphics.internal.figfile.FigFile/read>@(hObject,eventdata)PLEfit2D('StartFitbutton_Callback',hObject,eventdata,guidata(hObject))
In waitforallfiguresclosed (line 20)


                                         Norm of      First-order 
 Iteration  Func-count     f(x)          step          optimality
     0         75     9.91362e+17                      1.34e+16
     1        150     9.77958e+17        4.21804       1.07e+16      
     2        225     9.75989e+17       0.893526       1.03e+16      
     3        300     9.72845e+17        1.68095       9.29e+15      
     4        375     9.72845e+17      0.0673819       9.29e+15      
     5        450     9.72845e+17      0.0672175       9.29e+15      

Solver stopped prematurely.

lsqcurvefit stopped because it exceeded the iteration limit,
options.MaxIterations = 5.000000e+00.

Warning: Matrix is singular to working precision.
> In FitPLE (line 206)
In PLEfit2D>StartFitbutton_Callback (line 1422)
In gui_mainfcn (line 95)
In PLEfit2D (line 46)
In matlab.graphics.internal.figfile.FigFile/read>@(hObject,eventdata)PLEfit2D('StartFitbutton_Callback',hObject,eventdata,guidata(hObject))
In waitforallfiguresclosed (line 20)

Warning: No points selected yet.
> In selectPoints (line 290)
In PLEfit2D>AddPeak_Callback (line 2482)
In gui_mainfcn (line 95)
In PLEfit2D (line 46)
In matlab.graphics.internal.figfile.FigFile/read>@(hObject,eventdata)PLEfit2D('AddPeak_Callback',hObject,eventdata,guidata(hObject))
In waitforallfiguresclosed (line 20)
Warning: No points selected yet.
> In selectPoints (line 290)
In PLEfit2D>AddPeak_Callback (line 2482)
In gui_mainfcn (line 95)
In PLEfit2D (line 46)
In matlab.graphics.internal.figfile.FigFile/read>@(hObject,eventdata)PLEfit2D('AddPeak_Callback',hObject,eventdata,guidata(hObject))
In waitforallfiguresclosed (line 20)
Warning: No points selected yet.
> In selectPoints (line 290)
In PLEfit2D>AddPeak_Callback (line 2482)
In gui_mainfcn (line 95)
In PLEfit2D (line 46)
In matlab.graphics.internal.figfile.FigFile/read>@(hObject,eventdata)PLEfit2D('AddPeak_Callback',hObject,eventdata,guidata(hObject))
In waitforallfiguresclosed (line 20)

                                         Norm of      First-order 
 Iteration  Func-count     f(x)          step          optimality
     0         87     8.87071e+17                      6.27e+16
     1        174     8.72228e+17       0.199473       6.52e+16      
     2        261     8.70363e+17       0.070932       5.12e+16      
     3        348     8.59745e+17        9.54876       3.95e+16      
     4        435     8.24696e+17        5.49901       3.17e+16      
     5        522      8.2066e+17        1.09047       3.04e+16      

Solver stopped prematurely.

lsqcurvefit stopped because it exceeded the iteration limit,
options.MaxIterations = 5.000000e+00.

Warning: Matrix is singular to working precision.
> In FitPLE (line 206)
In PLEfit2D>StartFitbutton_Callback (line 1422)
In gui_mainfcn (line 95)
In PLEfit2D (line 46)
In matlab.graphics.internal.figfile.FigFile/read>@(hObject,eventdata)PLEfit2D('StartFitbutton_Callback',hObject,eventdata,guidata(hObject))
In waitforallfiguresclosed (line 20)


                                         Norm of      First-order 
 Iteration  Func-count     f(x)          step          optimality
     0         86     4.44352e+18                      2.45e+19
     1        172     2.28985e+18             10       6.33e+18      
     2        258     1.82017e+18        9.45839       2.26e+18      
     3        344     1.80693e+18      0.0119106       7.04e+17      
     4        430     1.79872e+18       0.361516       6.62e+17      
     5        516     1.79448e+18       0.010135       5.54e+17      

Solver stopped prematurely.

lsqcurvefit stopped because it exceeded the iteration limit,
options.MaxIterations = 5.000000e+00.


                                         Norm of      First-order 
 Iteration  Func-count     f(x)          step          optimality
     0         86     1.52629e+19                       1.5e+20
     1        172     8.32833e+18       0.171678       4.16e+19      
     2        258      3.1726e+18        5.07695       3.11e+19      
     3        344     2.11111e+18        6.45189       1.77e+18      
     4        430     2.11111e+18        8.32253       1.77e+18      
     5        516     2.08557e+18        2.08063       6.71e+18      

Solver stopped prematurely.

lsqcurvefit stopped because it exceeded the iteration limit,
options.MaxIterations = 5.000000e+00.


                                         Norm of      First-order 
 Iteration  Func-count     f(x)          step          optimality
     0         80     2.09718e+18                      6.64e+18
     1        160     1.91038e+18        3.13457       9.08e+17      
     2        240     1.91038e+18             10       9.08e+17      
     3        320     1.91038e+18            2.5       9.08e+17      
     4        400     1.91038e+18          0.625       9.08e+17      
     5        480     1.89649e+18        0.15625       8.65e+17      

Solver stopped prematurely.

lsqcurvefit stopped because it exceeded the iteration limit,
options.MaxIterations = 5.000000e+00.


                                         Norm of      First-order 
 Iteration  Func-count     f(x)          step          optimality
     0        129      5.2554e+18                       7.9e+18
     1        258     1.81482e+18        9.38315       1.15e+18      
     2        387     1.06484e+18        9.16079       2.06e+17      
     3        516     6.71236e+17         10.754       3.01e+16      
     4        645     5.80989e+17        8.53278       2.61e+16      
     5        774     5.65297e+17        7.93519       1.29e+16      

Solver stopped prematurely.

lsqcurvefit stopped because it exceeded the iteration limit,
options.MaxIterations = 5.000000e+00.


                                         Norm of      First-order 
 Iteration  Func-count     f(x)          step          optimality
     0        117     4.89606e+17                       8.3e+16
     1        234     3.72518e+17        5.11753       4.65e+16      
     2        351     3.39467e+17       0.752554       3.31e+17      
     3        468     3.34411e+17      0.0427481       2.84e+16      
     4        585     2.71208e+17        5.00824       2.61e+16      
     5        702      2.2762e+17        7.80976       1.16e+16      
     6        819     2.04809e+17        6.36584       1.76e+16      
     7        936      2.0219e+17         4.2013       8.26e+16      
     8       1053      1.9907e+17        1.19029       4.21e+16      
     9       1170      1.9672e+17       0.903947       3.08e+16      
    10       1287      1.9672e+17        1.83912       3.08e+16      

Solver stopped prematurely.

lsqcurvefit stopped because it exceeded the iteration limit,
options.MaxIterations = 1.000000e+01.


                                         Norm of      First-order 
 Iteration  Func-count     f(x)          step          optimality
     0        123     1.89256e+17                      5.67e+16
     1        246     1.75547e+17        2.72551       3.28e+16      
     2        369     1.68681e+17        2.37907       2.65e+16      
     3        492     1.65059e+17        2.21862       1.51e+16      
     4        615     1.62508e+17        2.52042        1.1e+16      
     5        738     1.61454e+17         2.5871       2.34e+16      
     6        861     1.61124e+17        1.82361       4.13e+15      
     7        984     1.61124e+17       0.380154       4.13e+15      
     8       1107     1.61115e+17      0.0950386       9.08e+14      
     9       1230     1.61109e+17       0.190077       1.54e+16      
    10       1353     1.61095e+17       0.190077       1.84e+15      

Solver stopped prematurely.

lsqcurvefit stopped because it exceeded the iteration limit,
options.MaxIterations = 1.000000e+01.

XLS write
########

